cos_naive=0.0297944
get_norm_a=38.6727
get_norm_b=39.2457
cos_mkl=0.0297944
score=0.0297944,feat_size=192,base_size=64,query_size=1,delta=106
score=0.0297945,feat_size=192,base_size=64,query_size=10,delta=1182
score=0.0297945,feat_size=192,base_size=64,query_size=100,delta=394
score=0.0297945,feat_size=192,base_size=64,query_size=1000,delta=667
score=0.0297945,feat_size=192,base_size=64,query_size=1024,delta=676
score=0.0297945,feat_size=192,base_size=64,query_size=16384,delta=7091
score=0.0297945,feat_size=192,base_size=64,query_size=131072,delta=44914
score=0.0297945,feat_size=192,base_size=64,query_size=100000,delta=31963
score=0.0297944,feat_size=192,base_size=1,query_size=1,delta=6
score=0.0297944,feat_size=192,base_size=1,query_size=2,delta=1
score=0.0297944,feat_size=192,base_size=1,query_size=4,delta=0
score=0.0297944,feat_size=192,base_size=1,query_size=8,delta=3
score=0.0297944,feat_size=192,base_size=1,query_size=10,delta=2
score=0.0297944,feat_size=192,base_size=1,query_size=16,delta=2
score=0.0297944,feat_size=192,base_size=1,query_size=32,delta=5
score=0.0297944,feat_size=192,base_size=1,query_size=64,delta=15
score=0.0297944,feat_size=192,base_size=1,query_size=100,delta=291
score=0.0297944,feat_size=192,base_size=1,query_size=128,delta=45
score=0.0297944,feat_size=192,base_size=1,query_size=256,delta=68
score=0.0297944,feat_size=192,base_size=1,query_size=512,delta=60
score=0.0297944,feat_size=192,base_size=1,query_size=1000,delta=119
score=0.0297944,feat_size=192,base_size=1,query_size=1024,delta=10
score=0.0297944,feat_size=192,base_size=10000,query_size=1,delta=5307
score=0.0297945,feat_size=192,base_size=10000,query_size=2,delta=3419
score=0.0297945,feat_size=192,base_size=10000,query_size=4,delta=4223
score=0.0297945,feat_size=192,base_size=10000,query_size=8,delta=539
score=0.0297945,feat_size=192,base_size=10000,query_size=10,delta=468
score=0.0297945,feat_size=192,base_size=10000,query_size=16,delta=455
score=0.0297945,feat_size=192,base_size=10000,query_size=32,delta=536
score=0.0297945,feat_size=192,base_size=10000,query_size=64,delta=635
score=0.0297945,feat_size=192,base_size=10000,query_size=100,delta=1470
score=0.0297945,feat_size=192,base_size=10000,query_size=128,delta=3579
score=0.0297945,feat_size=192,base_size=10000,query_size=256,delta=5366
score=0.0297945,feat_size=192,base_size=10000,query_size=512,delta=3603
score=0.0297945,feat_size=192,base_size=10000,query_size=1000,delta=17056
score=0.0297945,feat_size=192,base_size=10000,query_size=1024,delta=17730
score=0.0297944,feat_size=192,base_size=16384,query_size=1,delta=7684
score=0.0297945,feat_size=192,base_size=16384,query_size=2,delta=5054
score=0.0297945,feat_size=192,base_size=16384,query_size=4,delta=615
score=0.0297945,feat_size=192,base_size=16384,query_size=8,delta=476
score=0.0297945,feat_size=192,base_size=16384,query_size=10,delta=507
score=0.0297945,feat_size=192,base_size=16384,query_size=16,delta=458
score=0.0297945,feat_size=192,base_size=16384,query_size=32,delta=636
score=0.0297945,feat_size=192,base_size=16384,query_size=64,delta=947
score=0.0297945,feat_size=192,base_size=16384,query_size=100,delta=1468
score=0.0297945,feat_size=192,base_size=16384,query_size=128,delta=1876
score=0.0297945,feat_size=192,base_size=16384,query_size=256,delta=6489
score=0.0297945,feat_size=192,base_size=16384,query_size=512,delta=4555
score=0.0297945,feat_size=192,base_size=16384,query_size=1000,delta=26894
score=0.0297945,feat_size=192,base_size=16384,query_size=1024,delta=26257
score=0.0297944,feat_size=192,base_size=100000,query_size=1,delta=29732
score=0.0297945,feat_size=192,base_size=100000,query_size=2,delta=32096
score=0.0297945,feat_size=192,base_size=100000,query_size=4,delta=3008
score=0.0297945,feat_size=192,base_size=100000,query_size=8,delta=3172
score=0.0297945,feat_size=192,base_size=100000,query_size=10,delta=2980
score=0.0297945,feat_size=192,base_size=100000,query_size=16,delta=3057
score=0.0297945,feat_size=192,base_size=100000,query_size=32,delta=3577
score=0.0297945,feat_size=192,base_size=100000,query_size=64,delta=5062
score=0.0297945,feat_size=192,base_size=100000,query_size=100,delta=7537
score=0.0297945,feat_size=192,base_size=100000,query_size=128,delta=8906
score=0.0297945,feat_size=192,base_size=100000,query_size=256,delta=31548
score=0.0297945,feat_size=192,base_size=100000,query_size=512,delta=43517
score=0.0297945,feat_size=192,base_size=100000,query_size=1000,delta=80048
score=0.0297945,feat_size=192,base_size=100000,query_size=1024,delta=80211
score=0.0297944,feat_size=192,base_size=131072,query_size=1,delta=3387
score=0.0297945,feat_size=192,base_size=131072,query_size=2,delta=37780
score=0.0297945,feat_size=192,base_size=131072,query_size=4,delta=3805
score=0.0297945,feat_size=192,base_size=131072,query_size=8,delta=3945
score=0.0297945,feat_size=192,base_size=131072,query_size=10,delta=4012
score=0.0297945,feat_size=192,base_size=131072,query_size=16,delta=3838
score=0.0297945,feat_size=192,base_size=131072,query_size=32,delta=4542
score=0.0297945,feat_size=192,base_size=131072,query_size=64,delta=6388
score=0.0297945,feat_size=192,base_size=131072,query_size=100,delta=9669
score=0.0297945,feat_size=192,base_size=131072,query_size=128,delta=11383
score=0.0297945,feat_size=192,base_size=131072,query_size=256,delta=19228
score=0.0297945,feat_size=192,base_size=131072,query_size=512,delta=35165
score=0.0297945,feat_size=192,base_size=131072,query_size=1000,delta=94844
score=0.0297945,feat_size=192,base_size=131072,query_size=1024,delta=99833
score=0.0297944,feat_size=192,base_size=1000000,query_size=1,delta=63287
score=0.0297945,feat_size=192,base_size=1000000,query_size=2,delta=64750
score=0.0297945,feat_size=192,base_size=1000000,query_size=4,delta=64292
score=0.0297945,feat_size=192,base_size=1000000,query_size=8,delta=64817
score=0.0297945,feat_size=192,base_size=1000000,query_size=10,delta=67576
score=0.0297945,feat_size=192,base_size=1000000,query_size=16,delta=66792
score=0.0297945,feat_size=192,base_size=1000000,query_size=32,delta=73374
score=0.0297945,feat_size=192,base_size=1000000,query_size=64,delta=89961
score=0.0297945,feat_size=192,base_size=1000000,query_size=100,delta=106381
score=0.0297945,feat_size=192,base_size=1000000,query_size=128,delta=120656
score=0.0297945,feat_size=192,base_size=1000000,query_size=256,delta=234095
score=0.0297945,feat_size=192,base_size=1000000,query_size=512,delta=408641
score=0.0297945,feat_size=192,base_size=1000000,query_size=1000,delta=767370
score=0.0297945,feat_size=192,base_size=1000000,query_size=1024,delta=788041
score=0.0297944,feat_size=192,base_size=1048576,query_size=1,delta=65201
score=0.0297945,feat_size=192,base_size=1048576,query_size=2,delta=68630
score=0.0297945,feat_size=192,base_size=1048576,query_size=4,delta=69120
score=0.0297945,feat_size=192,base_size=1048576,query_size=8,delta=70474
score=0.0297945,feat_size=192,base_size=1048576,query_size=10,delta=72580
score=0.0297945,feat_size=192,base_size=1048576,query_size=16,delta=73020
score=0.0297945,feat_size=192,base_size=1048576,query_size=32,delta=80489
score=0.0297945,feat_size=192,base_size=1048576,query_size=64,delta=94410
score=0.0297945,feat_size=192,base_size=1048576,query_size=100,delta=114667
score=0.0297945,feat_size=192,base_size=1048576,query_size=128,delta=128481
score=0.0297945,feat_size=192,base_size=1048576,query_size=256,delta=250784
score=0.0297945,feat_size=192,base_size=1048576,query_size=512,delta=442608
score=0.0297945,feat_size=192,base_size=1048576,query_size=1000,delta=968629
score=0.0297945,feat_size=192,base_size=1048576,query_size=1024,delta=861977
