cos_naive=0.0297944
get_norm_a=38.6727
get_norm_b=39.2457
cos_mkl=0.0297944
score=0.0297945,feat_size=192,base_size=64,query_size=1,delta=46
score=0.0297945,feat_size=192,base_size=64,query_size=10,delta=31
score=0.0297945,feat_size=192,base_size=64,query_size=100,delta=374
score=0.0297945,feat_size=192,base_size=64,query_size=1000,delta=477
score=0.0297945,feat_size=192,base_size=64,query_size=1024,delta=511
score=0.0297945,feat_size=192,base_size=64,query_size=16384,delta=5084
score=0.0297945,feat_size=192,base_size=64,query_size=131072,delta=31888
score=0.0297945,feat_size=192,base_size=64,query_size=100000,delta=19417
score=0.0297945,feat_size=192,base_size=1,query_size=1,delta=2
score=0.0297945,feat_size=192,base_size=1,query_size=2,delta=0
score=0.0297945,feat_size=192,base_size=1,query_size=4,delta=0
score=0.0297945,feat_size=192,base_size=1,query_size=8,delta=3
score=0.0297945,feat_size=192,base_size=1,query_size=10,delta=3
score=0.0297945,feat_size=192,base_size=1,query_size=16,delta=4
score=0.0297945,feat_size=192,base_size=1,query_size=32,delta=9
score=0.0297945,feat_size=192,base_size=1,query_size=64,delta=17
score=0.0297945,feat_size=192,base_size=1,query_size=100,delta=26
score=0.0297945,feat_size=192,base_size=1,query_size=128,delta=26
score=0.0297945,feat_size=192,base_size=1,query_size=256,delta=68
score=0.0297945,feat_size=192,base_size=1,query_size=512,delta=136
score=0.0297945,feat_size=192,base_size=1,query_size=1000,delta=265
score=0.0297945,feat_size=192,base_size=1,query_size=1024,delta=152
score=0.0297945,feat_size=192,base_size=10000,query_size=1,delta=982
score=0.0297945,feat_size=192,base_size=10000,query_size=2,delta=478
score=0.0297945,feat_size=192,base_size=10000,query_size=4,delta=2237
score=0.0297945,feat_size=192,base_size=10000,query_size=8,delta=2189
score=0.0297945,feat_size=192,base_size=10000,query_size=10,delta=854
score=0.0297945,feat_size=192,base_size=10000,query_size=16,delta=2782
score=0.0297945,feat_size=192,base_size=10000,query_size=32,delta=2088
score=0.0297945,feat_size=192,base_size=10000,query_size=64,delta=1660
score=0.0297945,feat_size=192,base_size=10000,query_size=100,delta=5957
score=0.0297945,feat_size=192,base_size=10000,query_size=128,delta=5204
score=0.0297945,feat_size=192,base_size=10000,query_size=256,delta=13553
score=0.0297945,feat_size=192,base_size=10000,query_size=512,delta=5460
score=0.0297945,feat_size=192,base_size=10000,query_size=1000,delta=37149
score=0.0297945,feat_size=192,base_size=10000,query_size=1024,delta=34479
score=0.0297945,feat_size=192,base_size=16384,query_size=1,delta=5490
score=0.0297945,feat_size=192,base_size=16384,query_size=2,delta=5902
score=0.0297945,feat_size=192,base_size=16384,query_size=4,delta=1267
score=0.0297945,feat_size=192,base_size=16384,query_size=8,delta=1065
score=0.0297945,feat_size=192,base_size=16384,query_size=10,delta=1118
score=0.0297945,feat_size=192,base_size=16384,query_size=16,delta=1802
score=0.0297945,feat_size=192,base_size=16384,query_size=32,delta=2625
score=0.0297945,feat_size=192,base_size=16384,query_size=64,delta=3182
score=0.0297945,feat_size=192,base_size=16384,query_size=100,delta=3815
score=0.0297945,feat_size=192,base_size=16384,query_size=128,delta=7144
score=0.0297945,feat_size=192,base_size=16384,query_size=256,delta=16258
score=0.0297945,feat_size=192,base_size=16384,query_size=512,delta=9052
score=0.0297945,feat_size=192,base_size=16384,query_size=1000,delta=59816
score=0.0297945,feat_size=192,base_size=16384,query_size=1024,delta=65197
score=0.0297945,feat_size=192,base_size=100000,query_size=1,delta=26755
score=0.0297945,feat_size=192,base_size=100000,query_size=2,delta=26898
score=0.0297945,feat_size=192,base_size=100000,query_size=4,delta=7138
score=0.0297945,feat_size=192,base_size=100000,query_size=8,delta=6905
score=0.0297945,feat_size=192,base_size=100000,query_size=10,delta=7101
score=0.0297945,feat_size=192,base_size=100000,query_size=16,delta=13871
score=0.0297945,feat_size=192,base_size=100000,query_size=32,delta=24199
score=0.0297945,feat_size=192,base_size=100000,query_size=64,delta=30011
score=0.0297945,feat_size=192,base_size=100000,query_size=100,delta=32879
score=0.0297945,feat_size=192,base_size=100000,query_size=128,delta=36398
score=0.0297945,feat_size=192,base_size=100000,query_size=256,delta=109971
score=0.0297945,feat_size=192,base_size=100000,query_size=512,delta=196052
score=0.0297945,feat_size=192,base_size=100000,query_size=1000,delta=395764
score=0.0297945,feat_size=192,base_size=100000,query_size=1024,delta=376159
score=0.0297945,feat_size=192,base_size=131072,query_size=1,delta=11038
score=0.0297945,feat_size=192,base_size=131072,query_size=2,delta=30810
score=0.0297945,feat_size=192,base_size=131072,query_size=4,delta=8988
score=0.0297945,feat_size=192,base_size=131072,query_size=8,delta=9330
score=0.0297945,feat_size=192,base_size=131072,query_size=10,delta=9515
score=0.0297945,feat_size=192,base_size=131072,query_size=16,delta=17772
score=0.0297945,feat_size=192,base_size=131072,query_size=32,delta=33577
score=0.0297945,feat_size=192,base_size=131072,query_size=64,delta=36643
score=0.0297945,feat_size=192,base_size=131072,query_size=100,delta=43457
score=0.0297945,feat_size=192,base_size=131072,query_size=128,delta=47987
score=0.0297945,feat_size=192,base_size=131072,query_size=256,delta=65965
score=0.0297945,feat_size=192,base_size=131072,query_size=512,delta=100966
score=0.0297945,feat_size=192,base_size=131072,query_size=1000,delta=483833
score=0.0297945,feat_size=192,base_size=131072,query_size=1024,delta=506573
score=0.0297945,feat_size=192,base_size=1000000,query_size=1,delta=179833
score=0.0297945,feat_size=192,base_size=1000000,query_size=2,delta=173653
score=0.0297945,feat_size=192,base_size=1000000,query_size=4,delta=191951
score=0.0297945,feat_size=192,base_size=1000000,query_size=8,delta=193011
score=0.0297945,feat_size=192,base_size=1000000,query_size=10,delta=197901
score=0.0297945,feat_size=192,base_size=1000000,query_size=16,delta=246206
score=0.0297945,feat_size=192,base_size=1000000,query_size=32,delta=310281
score=0.0297945,feat_size=192,base_size=1000000,query_size=64,delta=361897
score=0.0297945,feat_size=192,base_size=1000000,query_size=100,delta=419047
score=0.0297945,feat_size=192,base_size=1000000,query_size=128,delta=455480
score=0.0297945,feat_size=192,base_size=1000000,query_size=256,delta=1166714
score=0.0297945,feat_size=192,base_size=1000000,query_size=512,delta=2071266
score=0.0297945,feat_size=192,base_size=1000000,query_size=1000,delta=3781326
score=0.0297945,feat_size=192,base_size=1000000,query_size=1024,delta=3888963
score=0.0297945,feat_size=192,base_size=1048576,query_size=1,delta=187151
score=0.0297945,feat_size=192,base_size=1048576,query_size=2,delta=192877
score=0.0297945,feat_size=192,base_size=1048576,query_size=4,delta=193460
score=0.0297945,feat_size=192,base_size=1048576,query_size=8,delta=197649
score=0.0297945,feat_size=192,base_size=1048576,query_size=10,delta=195153
score=0.0297945,feat_size=192,base_size=1048576,query_size=16,delta=253863
score=0.0297945,feat_size=192,base_size=1048576,query_size=32,delta=327151
score=0.0297945,feat_size=192,base_size=1048576,query_size=64,delta=388094
score=0.0297945,feat_size=192,base_size=1048576,query_size=100,delta=448057
score=0.0297945,feat_size=192,base_size=1048576,query_size=128,delta=486435
score=0.0297945,feat_size=192,base_size=1048576,query_size=256,delta=1252987
score=0.0297945,feat_size=192,base_size=1048576,query_size=512,delta=2130994
score=0.0297945,feat_size=192,base_size=1048576,query_size=1000,delta=3909635
score=0.0297945,feat_size=192,base_size=1048576,query_size=1024,delta=3984936
